apr 23, 2016 2:33:04 EM fi.murata.ds.demos.BCGDemoGUI <init>
INFO: BCG Demo 1.31-b7
apr 23, 2016 2:33:04 EM fi.murata.ds.demos.BCGDemoGUI <init>
INFO: Application build date: Mon Jan 04 10:46:58 CET 2016
apr 23, 2016 2:33:04 EM fi.murata.ds.demos.BCGDemoGUI <init>
INFO: Using frame version: 2
apr 23, 2016 2:33:28 EM n actionPerformed
INFO: No data received, demo board connected: false
apr 23, 2016 2:33:28 EM n actionPerformed
INFO: Connecting to demo board..
apr 23, 2016 2:33:28 EM fi.murata.ds.demos.BCGDemoGUI f
INFO: Connecting to TCP: 192.168.43.175:8080
apr 23, 2016 2:33:29 EM fi.murata.ds.demos.BCGDemoGUI f
INFO: BCG module FW version: BCG Sensor_3.0.0.0
apr 23, 2016 2:33:29 EM n actionPerformed
INFO: Connected
apr 23, 2016 2:33:29 EM n actionPerformed
INFO: Starting to collect data
apr 23, 2016 2:33:29 EM fi.murata.ds.demos.BCGDemoGUI E
INFO: Reading measurement direction...
apr 23, 2016 2:33:29 EM fi.murata.ds.demos.BCGDemoGUI E
INFO: Done
apr 23, 2016 2:33:35 EM ak run
SEVERE: Data collector interrupted
apr 23, 2016 2:33:35 EM fi.murata.ds.demos.BCGDemoGUI a
INFO: Setting BCG mode 1
apr 23, 2016 2:33:35 EM fi.murata.ds.demos.BCGDemoGUI a
INFO: Reseting BCG node
apr 23, 2016 2:33:36 EM fi.murata.ds.demos.BCGDemoGUI a
INFO: Disconnected
apr 23, 2016 2:33:36 EM fi.murata.ds.demos.BCGDemoGUI a
INFO: Waiting for 10 seconds...
apr 23, 2016 2:33:46 EM fi.murata.ds.demos.BCGDemoGUI a
INFO: Connecting to demo board..
apr 23, 2016 2:33:46 EM fi.murata.ds.demos.BCGDemoGUI f
INFO: Connecting to TCP: 192.168.43.175:8080
apr 23, 2016 2:33:46 EM fi.murata.ds.demos.BCGDemoGUI f
INFO: BCG module FW version: BCG Sensor_3.0.0.0
apr 23, 2016 2:33:46 EM fi.murata.ds.demos.BCGDemoGUI a
INFO: Connected
apr 23, 2016 2:33:46 EM fi.murata.ds.demos.BCGDemoGUI a
INFO: Waiting for data..
apr 23, 2016 2:33:51 EM fi.murata.ds.demos.BCGDemoGUI a
INFO: Mode change was successfully completed
apr 23, 2016 2:37:51 EM ak run
SEVERE: Data collector interrupted
apr 23, 2016 2:37:51 EM fi.murata.ds.demos.BCGDemoGUI a
INFO: Setting BCG mode 0
apr 23, 2016 2:37:51 EM fi.murata.ds.demos.BCGDemoGUI a
INFO: Reseting BCG node
apr 23, 2016 2:37:52 EM fi.murata.ds.demos.BCGDemoGUI a
INFO: Disconnected
apr 23, 2016 2:37:52 EM fi.murata.ds.demos.BCGDemoGUI a
INFO: Waiting for 10 seconds...
apr 23, 2016 2:38:02 EM fi.murata.ds.demos.BCGDemoGUI a
INFO: Connecting to demo board..
apr 23, 2016 2:38:02 EM fi.murata.ds.demos.BCGDemoGUI f
INFO: Connecting to TCP: 192.168.43.175:8080
apr 23, 2016 2:38:02 EM fi.murata.ds.demos.BCGDemoGUI f
INFO: BCG module FW version: BCG Sensor_3.0.0.0
apr 23, 2016 2:38:02 EM fi.murata.ds.demos.BCGDemoGUI a
INFO: Connected
apr 23, 2016 2:38:02 EM fi.murata.ds.demos.BCGDemoGUI a
INFO: Waiting for data..
apr 23, 2016 2:38:09 EM fi.murata.ds.demos.BCGDemoGUI a
INFO: Mode change was successfully completed
apr 23, 2016 2:42:13 EM fi.murata.ds.demos.BCGDemoGUI a
INFO: Ending output data reader..
apr 23, 2016 2:42:13 EM ak run
SEVERE: Data collector interrupted
apr 23, 2016 2:42:13 EM fi.murata.ds.demos.BCGDemoGUI a
INFO: Closing timers...
apr 23, 2016 2:42:13 EM fi.murata.ds.demos.BCGDemoGUI a
INFO: Removing tray icon
apr 23, 2016 2:42:13 EM fi.murata.ds.demos.BCGDemoGUI a
INFO: Calling exit() for Java Virtual Machine...
