maalis 09, 2016 3:22:20 IP. fi.murata.ds.demos.BCGDemoGUI <init>
INFO: BCG Demo 1.31-b7
maalis 09, 2016 3:22:20 IP. fi.murata.ds.demos.BCGDemoGUI <init>
INFO: Application build date: Mon Jan 04 10:46:58 EET 2016
maalis 09, 2016 3:22:20 IP. fi.murata.ds.demos.BCGDemoGUI <init>
INFO: Using frame version: 2
maalis 09, 2016 3:22:21 IP. ar run
INFO: Starting SSDP dicovery
maalis 09, 2016 3:22:22 IP. ar run
INFO: Skipping Software Loopback Interface 1
maalis 09, 2016 3:22:22 IP. ar run
INFO: Skipping WAN Miniport (SSTP)
maalis 09, 2016 3:22:22 IP. ar run
INFO: Skipping WAN Miniport (L2TP)
maalis 09, 2016 3:22:22 IP. ar run
INFO: Skipping WAN Miniport (PPTP)
maalis 09, 2016 3:22:22 IP. ar run
INFO: Skipping WAN Miniport (PPPOE)
maalis 09, 2016 3:22:22 IP. ar run
INFO: Skipping WAN Miniport (IPv6)
maalis 09, 2016 3:22:22 IP. ar run
INFO: Skipping WAN Miniport (Network Monitor)
maalis 09, 2016 3:22:22 IP. ar run
INFO: Skipping WAN Miniport (IP)
maalis 09, 2016 3:22:22 IP. ar run
INFO: Skipping RAS Async Adapter
maalis 09, 2016 3:22:22 IP. ar run
INFO: Skipping WAN Miniport (IKEv2)
maalis 09, 2016 3:22:22 IP. ar run
INFO: Skipping Intel(R) Ethernet Connection I218-LM
maalis 09, 2016 3:22:22 IP. ar run
INFO: Skipping Bluetooth Device (RFCOMM Protocol TDI)
maalis 09, 2016 3:22:22 IP. ar run
INFO: Skipping Bluetooth Device (Personal Area Network)
maalis 09, 2016 3:22:22 IP. ar run
INFO: Processing interface card Intel(R) Dual Band Wireless-AC 7260
maalis 09, 2016 3:22:22 IP. ar run
INFO: Searching with interface Intel(R) Dual Band Wireless-AC 7260 IP 192.168.100.101
maalis 09, 2016 3:22:23 IP. ar run
SEVERE: 192.168.100.101 SSDP timeout error..
maalis 09, 2016 3:22:24 IP. ar run
SEVERE: 192.168.100.101 SSDP timeout error..
maalis 09, 2016 3:22:25 IP. ar run
SEVERE: 192.168.100.101 SSDP timeout error..
maalis 09, 2016 3:22:25 IP. ar run
INFO: arBroadcast response from BCG node: 192.168.100.100
maalis 09, 2016 3:22:25 IP. ar run
INFO: Found BCG node: 192.168.100.100 (BSN-98F1706CA4C0), MAC: 98F1706CA4C0
maalis 09, 2016 3:22:26 IP. ar run
SEVERE: 192.168.100.101 SSDP timeout error..
maalis 09, 2016 3:22:27 IP. ar run
SEVERE: 192.168.100.101 SSDP timeout error, ending search for nodes..
maalis 09, 2016 3:22:27 IP. ar run
INFO: SSDP dicovery completed
maalis 09, 2016 3:25:04 IP. fi.murata.ds.demos.BCGDemoGUI a
INFO: Closing timers...
maalis 09, 2016 3:25:04 IP. fi.murata.ds.demos.BCGDemoGUI a
INFO: Removing tray icon
maalis 09, 2016 3:25:04 IP. fi.murata.ds.demos.BCGDemoGUI a
INFO: Calling exit() for Java Virtual Machine...
